# JRE version: Java(TM) SE Runtime Environment (17.0.10+11) (build 17.0.10+11-LTS-240)
# Java VM: Java HotSpot(TM) 64-Bit Server VM (17.0.10+11-LTS-240, mixed mode, sharing, tiered, compressed oops, compressed class ptrs, g1 gc, windows-amd64)
GC Precious Log:
 CPUs: 8 total, 8 available
 Memory: 15956M
 Large Page Support: Disabled
 NUMA Support: Disabled
 Compressed Oops: Enabled (Zero based)
 Heap Region Size: 2M
 Heap Min Capacity: 8M
 Heap Initial Capacity: 250M
 Heap Max Capacity: 3990M
 Pre-touch: Disabled
 Parallel Workers: 8
 Concurrent Workers: 2
 Concurrent Refinement Workers: 8
 Periodic GC: Disabled
Heap:
 garbage-first heap   total 102400K, used 68014K [0x0000000706a00000, 0x0000000800000000)
  region size 2048K, 15 young (30720K), 2 survivors (4096K)
 Metaspace       used 54321K, committed 54848K, reserved 1114112K
  class space    used 7048K, committed 7296K, reserved 1048576K
GC Heap History (20 events):
Event: 4.734 GC heap before
{Heap before GC invocations=5 (full 0):
 garbage-first heap   total 102400K, used 76034K [0x0000000706a00000, 0x0000000800000000)
  region size 2048K, 30 young (61440K), 5 survivors (10240K)
 Metaspace       used 26125K, committed 26432K, reserved 1114112K
  class space    used 3295K, committed 3456K, reserved 1048576K
}
Event: 4.745 GC heap after
{Heap after GC invocations=6 (full 0):
 garbage-first heap   total 102400K, used 29374K [0x0000000706a00000, 0x0000000800000000)
  region size 2048K, 3 young (6144K), 3 survivors (6144K)
 Metaspace       used 26125K, committed 26432K, reserved 1114112K
  class space    used 3295K, committed 3456K, reserved 1048576K
}
Event: 6.105 GC heap before
{Heap before GC invocations=6 (full 0):
 garbage-first heap   total 102400K, used 64190K [0x0000000706a00000, 0x0000000800000000)
  region size 2048K, 21 young (43008K), 3 survivors (6144K)
 Metaspace       used 29627K, committed 30016K, reserved 1114112K
  class space    used 3777K, committed 3968K, reserved 1048576K
}
Event: 6.112 GC heap after
{Heap after GC invocations=7 (full 0):
 garbage-first heap   total 102400K, used 31990K [0x0000000706a00000, 0x0000000800000000)
  region size 2048K, 2 young (4096K), 2 survivors (4096K)
 Metaspace       used 29627K, committed 30016K, reserved 1114112K
  class space    used 3777K, committed 3968K, reserved 1048576K
}
Event: 7.304 GC heap before
{Heap before GC invocations=7 (full 0):
 garbage-first heap   total 102400K, used 70902K [0x0000000706a00000, 0x0000000800000000)
  region size 2048K, 21 young (43008K), 2 survivors (4096K)
 Metaspace       used 33296K, committed 33728K, reserved 1114112K
  class space    used 4225K, committed 4416K, reserved 1048576K
}
Event: 7.310 GC heap after
{Heap after GC invocations=8 (full 0):
 garbage-first heap   total 102400K, used 33550K [0x0000000706a00000, 0x0000000800000000)
  region size 2048K, 3 young (6144K), 3 survivors (6144K)
 Metaspace       used 33296K, committed 33728K, reserved 1114112K
  class space    used 4225K, committed 4416K, reserved 1048576K
}
Event: 8.016 GC heap before
{Heap before GC invocations=8 (full 0):
 garbage-first heap   total 102400K, used 54030K [0x0000000706a00000, 0x0000000800000000)
  region size 2048K, 14 young (28672K), 3 survivors (6144K)
 Metaspace       used 35824K, committed 36160K, reserved 1114112K
  class space    used 4581K, committed 4736K, reserved 1048576K
}
Event: 8.023 GC heap after
{Heap after GC invocations=9 (full 0):
 garbage-first heap   total 102400K, used 35447K [0x0000000706a00000, 0x0000000800000000)
  region size 2048K, 3 young (6144K), 3 survivors (6144K)
 Metaspace       used 35824K, committed 36160K, reserved 1114112K
  class space    used 4581K, committed 4736K, reserved 1048576K
}
Event: 9.495 GC heap before
{Heap before GC invocations=10 (full 0):
 garbage-first heap   total 102400K, used 74359K [0x0000000706a00000, 0x0000000800000000)
  region size 2048K, 22 young (45056K), 3 survivors (6144K)
 Metaspace       used 39330K, committed 39808K, reserved 1114112K
  class space    used 5044K, committed 5248K, reserved 1048576K
}
Event: 9.505 GC heap after
{Heap after GC invocations=11 (full 0):
 garbage-first heap   total 102400K, used 37199K [0x0000000706a00000, 0x0000000800000000)
  region size 2048K, 2 young (4096K), 2 survivors (4096K)
 Metaspace       used 39330K, committed 39808K, reserved 1114112K
  class space    used 5044K, committed 5248K, reserved 1048576K
}
Event: 9.668 GC heap before
{Heap before GC invocations=11 (full 0):
 garbage-first heap   total 102400K, used 39247K [0x0000000706a00000, 0x0000000800000000)
  region size 2048K, 3 young (6144K), 2 survivors (4096K)
 Metaspace       used 39443K, committed 39872K, reserved 1114112K
  class space    used 5065K, committed 5248K, reserved 1048576K
}
Event: 9.675 GC heap after
{Heap after GC invocations=12 (full 0):
 garbage-first heap   total 102400K, used 36017K [0x0000000706a00000, 0x0000000800000000)
  region size 2048K, 1 young (2048K), 1 survivors (2048K)
 Metaspace       used 39443K, committed 39872K, reserved 1114112K
  class space    used 5065K, committed 5248K, reserved 1048576K
}
Event: 11.038 GC heap before
{Heap before GC invocations=12 (full 0):
 garbage-first heap   total 102400K, used 74929K [0x0000000706a00000, 0x0000000800000000)
  region size 2048K, 21 young (43008K), 1 survivors (2048K)
 Metaspace       used 40930K, committed 41344K, reserved 1114112K
  class space    used 5213K, committed 5376K, reserved 1048576K
}
Event: 11.042 GC heap after
{Heap after GC invocations=13 (full 0):
 garbage-first heap   total 102400K, used 37955K [0x0000000706a00000, 0x0000000800000000)
  region size 2048K, 2 young (4096K), 2 survivors (4096K)
 Metaspace       used 40930K, committed 41344K, reserved 1114112K
  class space    used 5213K, committed 5376K, reserved 1048576K
}
Event: 11.555 GC heap before
{Heap before GC invocations=14 (full 0):
 garbage-first heap   total 102400K, used 74819K [0x0000000706a00000, 0x0000000800000000)
  region size 2048K, 21 young (43008K), 2 survivors (4096K)
 Metaspace       used 41872K, committed 42304K, reserved 1114112K
  class space    used 5325K, committed 5504K, reserved 1048576K
}
Event: 11.562 GC heap after
{Heap after GC invocations=15 (full 0):
 garbage-first heap   total 102400K, used 40930K [0x0000000706a00000, 0x0000000800000000)
  region size 2048K, 3 young (6144K), 3 survivors (6144K)
 Metaspace       used 41872K, committed 42304K, reserved 1114112K
  class space    used 5325K, committed 5504K, reserved 1048576K
}
Event: 13.899 GC heap before
{Heap before GC invocations=15 (full 0):
 garbage-first heap   total 102400K, used 77794K [0x0000000706a00000, 0x0000000800000000)
  region size 2048K, 21 young (43008K), 3 survivors (6144K)
 Metaspace       used 42477K, committed 42944K, reserved 1114112K
  class space    used 5431K, committed 5696K, reserved 1048576K
}
Event: 13.909 GC heap after
{Heap after GC invocations=16 (full 0):
 garbage-first heap   total 102400K, used 42359K [0x0000000706a00000, 0x0000000800000000)
  region size 2048K, 1 young (2048K), 1 survivors (2048K)
 Metaspace       used 42477K, committed 42944K, reserved 1114112K
  class space    used 5431K, committed 5696K, reserved 1048576K
}
Event: 15.889 GC heap before
{Heap before GC invocations=16 (full 0):
 garbage-first heap   total 102400K, used 79223K [0x0000000706a00000, 0x0000000800000000)
  region size 2048K, 19 young (38912K), 1 survivors (2048K)
 Metaspace       used 45700K, committed 46208K, reserved 1114112K
  class space    used 5881K, committed 6144K, reserved 1048576K
}
Event: 15.894 GC heap after
{Heap after GC invocations=17 (full 0):
 garbage-first heap   total 102400K, used 43438K [0x0000000706a00000, 0x0000000800000000)
  region size 2048K, 2 young (4096K), 2 survivors (4096K)
 Metaspace       used 45700K, committed 46208K, reserved 1114112K
  class space    used 5881K, committed 6144K, reserved 1048576K
}

